<?xml version="1.0" encoding="UTF-8"?>
<testng-results ignored="0" total="1" passed="0" failed="1" skipped="0">
  <reporter-output>
  </reporter-output>
  <suite started-at="2023-03-28T18:03:34 ICT" name="Default suite" finished-at="2023-03-28T18:06:26 ICT" duration-ms="172176">
    <groups>
    </groups>
    <test started-at="2023-03-28T18:03:34 ICT" name="Default test" finished-at="2023-03-28T18:06:26 ICT" duration-ms="172176">
      <class name="create_new_request.create_new_request">
        <test-method is-config="true" signature="beforeTest()[pri:0, instance:create_new_request.create_new_request@18df8434]" started-at="2023-03-28T18:03:34 ICT" name="beforeTest" finished-at="2023-03-28T18:05:29 ICT" duration-ms="115772" status="PASS">
          <reporter-output>
          </reporter-output>
        </test-method> <!-- beforeTest -->
        <test-method signature="Case_001_Create_New_Request()[pri:0, instance:create_new_request.create_new_request@18df8434]" started-at="2023-03-28T18:05:29 ICT" name="Case_001_Create_New_Request" finished-at="2023-03-28T18:06:26 ICT" duration-ms="56324" status="FAIL">
          <exception class="org.openqa.selenium.NoSuchElementException">
            <message>
              <![CDATA[An element could not be located on the page using the given search parameters.
For documentation on this error, please visit: https://selenium.dev/exceptions/#no_such_element
Build info: version: '4.5.0', revision: 'fe167b119a'
System info: os.name: 'Windows 11', os.arch: 'amd64', os.version: '10.0', java.version: '17.0.6'
Driver info: io.appium.java_client.AppiumDriver
Command: [6d77cb38-c696-424e-99b2-d78ff66ab4d2, findElement {using=xpath, value=//android.widget.ImageView[@content-desc="New Request
Get Price"]}]
Capabilities {appium:appActivity: com.itads.tradeinoffice.tra..., appium:appPackage: com.itads.tradeinoffice.tra..., appium:autoGrantPermissions: true, appium:databaseEnabled: false, appium:desired: {appActivity: com.itads.tradeinoffice.tra..., appPackage: com.itads.tradeinoffice.tra..., autoGrantPermissions: true, platformName: android, platformVersion: 11, udid: BCB00298680}, appium:deviceApiLevel: 30, appium:deviceManufacturer: vsmart, appium:deviceModel: Star 4, appium:deviceName: BCB00298680, appium:deviceScreenDensity: 320, appium:deviceScreenSize: 720x1560, appium:deviceUDID: BCB00298680, appium:javascriptEnabled: true, appium:locationContextEnabled: false, appium:networkConnectionEnabled: true, appium:pixelRatio: 2, appium:platformVersion: 11, appium:statBarHeight: 60, appium:takesScreenshot: true, appium:udid: BCB00298680, appium:viewportRect: {height: 1348, left: 0, top: 60, width: 720}, appium:warnings: {}, appium:webStorageEnabled: false, platformName: ANDROID}
Session ID: 6d77cb38-c696-424e-99b2-d78ff66ab4d2]]>
            </message>
            <full-stacktrace>
              <![CDATA[org.openqa.selenium.NoSuchElementException: An element could not be located on the page using the given search parameters.
For documentation on this error, please visit: https://selenium.dev/exceptions/#no_such_element
Build info: version: '4.5.0', revision: 'fe167b119a'
System info: os.name: 'Windows 11', os.arch: 'amd64', os.version: '10.0', java.version: '17.0.6'
Driver info: io.appium.java_client.AppiumDriver
Command: [6d77cb38-c696-424e-99b2-d78ff66ab4d2, findElement {using=xpath, value=//android.widget.ImageView[@content-desc="New Request
Get Price"]}]
Capabilities {appium:appActivity: com.itads.tradeinoffice.tra..., appium:appPackage: com.itads.tradeinoffice.tra..., appium:autoGrantPermissions: true, appium:databaseEnabled: false, appium:desired: {appActivity: com.itads.tradeinoffice.tra..., appPackage: com.itads.tradeinoffice.tra..., autoGrantPermissions: true, platformName: android, platformVersion: 11, udid: BCB00298680}, appium:deviceApiLevel: 30, appium:deviceManufacturer: vsmart, appium:deviceModel: Star 4, appium:deviceName: BCB00298680, appium:deviceScreenDensity: 320, appium:deviceScreenSize: 720x1560, appium:deviceUDID: BCB00298680, appium:javascriptEnabled: true, appium:locationContextEnabled: false, appium:networkConnectionEnabled: true, appium:pixelRatio: 2, appium:platformVersion: 11, appium:statBarHeight: 60, appium:takesScreenshot: true, appium:udid: BCB00298680, appium:viewportRect: {height: 1348, left: 0, top: 60, width: 720}, appium:warnings: {}, appium:webStorageEnabled: false, platformName: ANDROID}
Session ID: 6d77cb38-c696-424e-99b2-d78ff66ab4d2
at java.base/jdk.internal.reflect.NativeConstructorAccessorImpl.newInstance0(Native Method)
at java.base/jdk.internal.reflect.NativeConstructorAccessorImpl.newInstance(NativeConstructorAccessorImpl.java:77)
at java.base/jdk.internal.reflect.DelegatingConstructorAccessorImpl.newInstance(DelegatingConstructorAccessorImpl.java:45)
at java.base/java.lang.reflect.Constructor.newInstanceWithCaller(Constructor.java:499)
at java.base/java.lang.reflect.Constructor.newInstance(Constructor.java:480)
at org.openqa.selenium.remote.codec.w3c.W3CHttpResponseCodec.createException(W3CHttpResponseCodec.java:200)
at org.openqa.selenium.remote.codec.w3c.W3CHttpResponseCodec.decode(W3CHttpResponseCodec.java:133)
at org.openqa.selenium.remote.codec.w3c.W3CHttpResponseCodec.decode(W3CHttpResponseCodec.java:53)
at org.openqa.selenium.remote.HttpCommandExecutor.execute(HttpCommandExecutor.java:184)
at io.appium.java_client.remote.AppiumCommandExecutor.execute(AppiumCommandExecutor.java:189)
at org.openqa.selenium.remote.RemoteWebDriver.execute(RemoteWebDriver.java:547)
at org.openqa.selenium.remote.ElementLocation$ElementFinder$2.findElement(ElementLocation.java:162)
at org.openqa.selenium.remote.ElementLocation.findElement(ElementLocation.java:60)
at org.openqa.selenium.remote.RemoteWebDriver.findElement(RemoteWebDriver.java:365)
at org.openqa.selenium.remote.RemoteWebDriver.findElement(RemoteWebDriver.java:357)
at create_new_request.create_new_request.Case_001_Create_New_Request(create_new_request.java:99)
at java.base/jdk.internal.reflect.NativeMethodAccessorImpl.invoke0(Native Method)
at java.base/jdk.internal.reflect.NativeMethodAccessorImpl.invoke(NativeMethodAccessorImpl.java:77)
at java.base/jdk.internal.reflect.DelegatingMethodAccessorImpl.invoke(DelegatingMethodAccessorImpl.java:43)
at java.base/java.lang.reflect.Method.invoke(Method.java:568)
at org.testng.internal.invokers.MethodInvocationHelper.invokeMethod(MethodInvocationHelper.java:139)
at org.testng.internal.invokers.TestInvoker.invokeMethod(TestInvoker.java:677)
at org.testng.internal.invokers.TestInvoker.invokeTestMethod(TestInvoker.java:221)
at org.testng.internal.invokers.MethodRunner.runInSequence(MethodRunner.java:50)
at org.testng.internal.invokers.TestInvoker$MethodInvocationAgent.invoke(TestInvoker.java:962)
at org.testng.internal.invokers.TestInvoker.invokeTestMethods(TestInvoker.java:194)
at org.testng.internal.invokers.TestMethodWorker.invokeTestMethods(TestMethodWorker.java:148)
at org.testng.internal.invokers.TestMethodWorker.run(TestMethodWorker.java:128)
at java.base/java.util.ArrayList.forEach(ArrayList.java:1511)
at org.testng.TestRunner.privateRun(TestRunner.java:806)
at org.testng.TestRunner.run(TestRunner.java:601)
at org.testng.SuiteRunner.runTest(SuiteRunner.java:433)
at org.testng.SuiteRunner.runSequentially(SuiteRunner.java:427)
at org.testng.SuiteRunner.privateRun(SuiteRunner.java:387)
at org.testng.SuiteRunner.run(SuiteRunner.java:330)
at org.testng.SuiteRunnerWorker.runSuite(SuiteRunnerWorker.java:52)
at org.testng.SuiteRunnerWorker.run(SuiteRunnerWorker.java:95)
at org.testng.TestNG.runSuitesSequentially(TestNG.java:1256)
at org.testng.TestNG.runSuitesLocally(TestNG.java:1176)
at org.testng.TestNG.runSuites(TestNG.java:1099)
at org.testng.TestNG.run(TestNG.java:1067)
at org.testng.remote.AbstractRemoteTestNG.run(AbstractRemoteTestNG.java:115)
at org.testng.remote.RemoteTestNG.initAndRun(RemoteTestNG.java:251)
at org.testng.remote.RemoteTestNG.main(RemoteTestNG.java:77)
]]>
            </full-stacktrace>
          </exception> <!-- org.openqa.selenium.NoSuchElementException -->
          <reporter-output>
          </reporter-output>
        </test-method> <!-- Case_001_Create_New_Request -->
        <test-method is-config="true" signature="afterTest()[pri:0, instance:create_new_request.create_new_request@18df8434]" started-at="2023-03-28T18:06:26 ICT" name="afterTest" finished-at="2023-03-28T18:06:26 ICT" duration-ms="1" status="PASS">
          <reporter-output>
          </reporter-output>
        </test-method> <!-- afterTest -->
      </class> <!-- create_new_request.create_new_request -->
    </test> <!-- Default test -->
  </suite> <!-- Default suite -->
</testng-results>
